<?xml version="1.0" encoding="UTF-8" ?>
<testsuite tests="5" failures="0" name="calculator.FunctionalitiesTest" time="0.029" errors="0" skipped="0">
  <properties>
[...]
</properties>
  <testcase classname="calculator.FunctionalitiesTest" name="AfterNmonths" time="0.028"/>
  <testcase classname="calculator.FunctionalitiesTest" name="AfterNdays" time="0"/>
  <testcase classname="calculator.FunctionalitiesTest" name="add" time="0"/>
  <testcase classname="calculator.FunctionalitiesTest" name="day" time="0"/>
  <testcase classname="calculator.FunctionalitiesTest" name="week" time="0.001"/>
</testsuite>